2015-03-21 22:53:59,546 [ WARN] org.hibernate.engine.jdbc.connections.internal.DriverManagerConnectionProviderImpl HHH000402: Using Hibernate built-in connection pool (not for production use!) at org.hibernate.engine.jdbc.connections.internal.DriverManagerConnectionProviderImpl.configure(DriverManagerConnectionProviderImpl.java:93)
2015-03-21 22:54:02,069 [ WARN] services.ClientService Transaction was rollbacked at services.ClientService.getTimesFromStationList(ClientService.java:523)
2015-03-21 22:54:02,069 [ WARN] services.ClientService Transaction was rollbacked at services.ClientService.getTimesFromStationList(ClientService.java:523)
2015-03-21 22:54:02,078 [ WARN] services.ClientService Transaction was rollbacked at services.ClientService.getTimesFromStationList(ClientService.java:523)
2015-03-21 22:54:02,078 [ WARN] services.ClientService Transaction was rollbacked at services.ClientService.getTimesFromStationList(ClientService.java:523)
2015-03-21 22:54:02,090 [ WARN] services.ClientService Input parameter is null at services.ClientService.searchTrain(ClientService.java:152)
2015-03-21 22:54:02,090 [ WARN] services.ClientService Input parameter is null at services.ClientService.searchTrain(ClientService.java:152)
2015-03-21 22:54:02,092 [ WARN] services.ClientService Input parameter is null at services.ClientService.searchTrain(ClientService.java:152)
2015-03-21 22:54:02,092 [ WARN] services.ClientService Input parameter is null at services.ClientService.searchTrain(ClientService.java:152)
2015-03-21 22:54:02,094 [ WARN] services.ClientService Input parameter is null at services.ClientService.searchTrain(ClientService.java:152)
2015-03-21 22:54:02,094 [ WARN] services.ClientService Input parameter is null at services.ClientService.searchTrain(ClientService.java:152)
2015-03-21 22:54:02,161 [ WARN] services.ClientService Transaction was rollbacked at services.ClientService.searchTrain(ClientService.java:165)
2015-03-21 22:54:02,161 [ WARN] services.ClientService Transaction was rollbacked at services.ClientService.searchTrain(ClientService.java:165)
2015-03-21 22:54:02,320 [ WARN] services.ClientService Transaction was rollbacked at services.ClientService.buyTicket(ClientService.java:294)
2015-03-21 22:54:02,320 [ WARN] services.ClientService Transaction was rollbacked at services.ClientService.buyTicket(ClientService.java:294)
2015-03-21 22:54:02,338 [ WARN] services.ClientService Transaction was rollbacked at services.ClientService.buyTicket(ClientService.java:294)
2015-03-21 22:54:02,338 [ WARN] services.ClientService Transaction was rollbacked at services.ClientService.buyTicket(ClientService.java:294)
2015-03-21 22:54:02,575 [ WARN] org.hibernate.engine.jdbc.connections.internal.DriverManagerConnectionProviderImpl HHH000402: Using Hibernate built-in connection pool (not for production use!) at org.hibernate.engine.jdbc.connections.internal.DriverManagerConnectionProviderImpl.configure(DriverManagerConnectionProviderImpl.java:93)
2015-03-21 22:54:03,598 [ WARN] services.EmployeeService Transaction was rollbacked at services.EmployeeService.addTrain(EmployeeService.java:76)
2015-03-21 22:54:03,598 [ WARN] services.EmployeeService Transaction was rollbacked at services.EmployeeService.addTrain(EmployeeService.java:76)
2015-03-21 22:54:03,601 [ WARN] services.EmployeeService Transaction was rollbacked at services.EmployeeService.addTrain(EmployeeService.java:76)
2015-03-21 22:54:03,601 [ WARN] services.EmployeeService Transaction was rollbacked at services.EmployeeService.addTrain(EmployeeService.java:76)
2015-03-21 22:54:03,632 [ WARN] services.RunService Transaction was rollbacked at services.RunService.getRunByTrainId(RunService.java:90)
2015-03-21 22:54:03,632 [ WARN] services.RunService Transaction was rollbacked at services.RunService.getRunByTrainId(RunService.java:90)
2015-03-21 22:54:03,637 [ WARN] services.RunService Transaction was rollbacked at services.RunService.getRunByTrainId(RunService.java:90)
2015-03-21 22:54:03,637 [ WARN] services.RunService Transaction was rollbacked at services.RunService.getRunByTrainId(RunService.java:90)
2015-03-21 22:54:03,641 [ WARN] services.RunService Transaction was rollbacked at services.RunService.getRunByTrainId(RunService.java:90)
2015-03-21 22:54:03,641 [ WARN] services.RunService Transaction was rollbacked at services.RunService.getRunByTrainId(RunService.java:90)
2015-03-21 22:54:03,654 [ WARN] services.RunService run is null at services.RunService.getRunById(RunService.java:52)
2015-03-21 22:54:03,654 [ WARN] services.RunService run is null at services.RunService.getRunById(RunService.java:52)
2015-03-21 22:54:03,655 [ WARN] services.RunService Transaction was rollbacked at services.RunService.getRunById(RunService.java:58)
2015-03-21 22:54:03,655 [ WARN] services.RunService Transaction was rollbacked at services.RunService.getRunById(RunService.java:58)
2015-03-21 22:54:03,658 [ WARN] services.RunService Transaction was rollbacked at services.RunService.getRunById(RunService.java:58)
2015-03-21 22:54:03,658 [ WARN] services.RunService Transaction was rollbacked at services.RunService.getRunById(RunService.java:58)
2015-03-21 22:54:03,683 [ WARN] services.StationService Transaction was rollbacked at services.StationService.getAllStations(StationService.java:58)
2015-03-21 22:54:03,683 [ WARN] services.StationService Transaction was rollbacked at services.StationService.getAllStations(StationService.java:58)
2015-03-21 22:54:03,687 [ WARN] services.StationService Transaction was rollbacked at services.StationService.getAllStations(StationService.java:58)
2015-03-21 22:54:03,687 [ WARN] services.StationService Transaction was rollbacked at services.StationService.getAllStations(StationService.java:58)
2015-03-21 22:54:03,690 [ WARN] services.StationService Transaction was rollbacked at services.StationService.getAllStations(StationService.java:58)
2015-03-21 22:54:03,690 [ WARN] services.StationService Transaction was rollbacked at services.StationService.getAllStations(StationService.java:58)
2015-03-21 22:54:03,708 [ WARN] services.RouteService Transaction was rollbacked at services.RouteService.getStationsByTrain(RouteService.java:78)
2015-03-21 22:54:03,708 [ WARN] services.RouteService Transaction was rollbacked at services.RouteService.getStationsByTrain(RouteService.java:78)
2015-03-21 22:54:03,711 [ WARN] services.RouteService Transaction was rollbacked at services.RouteService.getStationsByTrain(RouteService.java:78)
2015-03-21 22:54:03,711 [ WARN] services.RouteService Transaction was rollbacked at services.RouteService.getStationsByTrain(RouteService.java:78)
2015-03-21 22:54:03,713 [ WARN] services.RouteService Transaction was rollbacked at services.RouteService.getStationsByTrain(RouteService.java:78)
2015-03-21 22:54:03,713 [ WARN] services.RouteService Transaction was rollbacked at services.RouteService.getStationsByTrain(RouteService.java:78)
2015-03-21 22:54:03,733 [ WARN] services.TicketService Empty ticket list at services.TicketService.getTicketsByRunId(TicketService.java:55)
2015-03-21 22:54:03,733 [ WARN] services.TicketService Empty ticket list at services.TicketService.getTicketsByRunId(TicketService.java:55)
2015-03-21 22:54:03,734 [ WARN] services.TicketService Transaction was rollbacked at services.TicketService.getTicketsByRunId(TicketService.java:61)
2015-03-21 22:54:03,734 [ WARN] services.TicketService Transaction was rollbacked at services.TicketService.getTicketsByRunId(TicketService.java:61)
2015-03-21 22:54:03,774 [ WARN] services.TimetableService Transaction was rollbacked at services.TimetableService.getTimetableByStation(TimetableService.java:132)
2015-03-21 22:54:03,774 [ WARN] services.TimetableService Transaction was rollbacked at services.TimetableService.getTimetableByStation(TimetableService.java:132)
2015-03-21 22:54:03,792 [ WARN] services.TimetableService Transaction was rollbacked at services.TimetableService.getTimetableByStation(TimetableService.java:132)
2015-03-21 22:54:03,792 [ WARN] services.TimetableService Transaction was rollbacked at services.TimetableService.getTimetableByStation(TimetableService.java:132)
2015-03-21 22:54:03,808 [ WARN] services.TimetableService Transaction was rollbacked at services.TimetableService.getTimetableByStation(TimetableService.java:132)
2015-03-21 22:54:03,808 [ WARN] services.TimetableService Transaction was rollbacked at services.TimetableService.getTimetableByStation(TimetableService.java:132)
2015-03-21 22:54:03,826 [ WARN] services.TimetableService Transaction was rollbacked at services.TimetableService.addRun(TimetableService.java:207)
2015-03-21 22:54:03,826 [ WARN] services.TimetableService Transaction was rollbacked at services.TimetableService.addRun(TimetableService.java:207)
2015-03-21 22:54:03,828 [ WARN] services.TimetableService Transaction was rollbacked at services.TimetableService.addRun(TimetableService.java:207)
2015-03-21 22:54:03,828 [ WARN] services.TimetableService Transaction was rollbacked at services.TimetableService.addRun(TimetableService.java:207)
2015-03-21 22:54:03,837 [ WARN] services.TimetableService Transaction was rollbacked at services.TimetableService.addRun(TimetableService.java:207)
2015-03-21 22:54:03,837 [ WARN] services.TimetableService Transaction was rollbacked at services.TimetableService.addRun(TimetableService.java:207)
2015-03-21 22:54:03,842 [ WARN] services.TimetableService Transaction was rollbacked at services.TimetableService.addRun(TimetableService.java:207)
2015-03-21 22:54:03,842 [ WARN] services.TimetableService Transaction was rollbacked at services.TimetableService.addRun(TimetableService.java:207)
2015-03-21 22:54:03,853 [ WARN] services.TrainService Transaction was rollbacked at services.TrainService.getAllTrains(TrainService.java:62)
2015-03-21 22:54:03,853 [ WARN] services.TrainService Transaction was rollbacked at services.TrainService.getAllTrains(TrainService.java:62)
2015-03-21 22:54:03,856 [ WARN] services.TrainService Transaction was rollbacked at services.TrainService.getAllTrains(TrainService.java:62)
2015-03-21 22:54:03,856 [ WARN] services.TrainService Transaction was rollbacked at services.TrainService.getAllTrains(TrainService.java:62)
2015-03-21 22:54:03,859 [ WARN] services.TrainService Transaction was rollbacked at services.TrainService.getAllTrains(TrainService.java:62)
2015-03-21 22:54:03,859 [ WARN] services.TrainService Transaction was rollbacked at services.TrainService.getAllTrains(TrainService.java:62)
2015-03-21 22:54:04,281 [ WARN] services.UserService Transaction was rollbacked at services.UserService.findUserByLoginAndPass(UserService.java:96)
2015-03-21 22:54:04,281 [ WARN] services.UserService Transaction was rollbacked at services.UserService.findUserByLoginAndPass(UserService.java:96)
2015-03-21 22:54:04,324 [ WARN] services.UserService Transaction was rollbacked at services.UserService.findUserByLoginAndPass(UserService.java:96)
2015-03-21 22:54:04,324 [ WARN] services.UserService Transaction was rollbacked at services.UserService.findUserByLoginAndPass(UserService.java:96)
2015-03-21 22:54:04,336 [ WARN] services.UserService Transaction was rollbacked at services.UserService.findUserByLoginAndPass(UserService.java:96)
2015-03-21 22:54:04,336 [ WARN] services.UserService Transaction was rollbacked at services.UserService.findUserByLoginAndPass(UserService.java:96)
2015-03-21 22:55:54,983 [ WARN] services.ClientService Input parameter is null at services.ClientService.searchTrain(ClientService.java:152)
2015-03-21 22:55:54,983 [ WARN] services.ClientService Input parameter is null at services.ClientService.searchTrain(ClientService.java:152)
2015-03-21 22:55:54,987 [ WARN] services.ClientService Input parameter is null at services.ClientService.searchTrain(ClientService.java:152)
2015-03-21 22:55:54,987 [ WARN] services.ClientService Input parameter is null at services.ClientService.searchTrain(ClientService.java:152)
2015-03-21 22:55:54,989 [ WARN] services.ClientService Input parameter is null at services.ClientService.searchTrain(ClientService.java:152)
2015-03-21 22:55:54,989 [ WARN] services.ClientService Input parameter is null at services.ClientService.searchTrain(ClientService.java:152)
2015-03-21 22:55:55,951 [ WARN] org.hibernate.engine.jdbc.connections.internal.DriverManagerConnectionProviderImpl HHH000402: Using Hibernate built-in connection pool (not for production use!) at org.hibernate.engine.jdbc.connections.internal.DriverManagerConnectionProviderImpl.configure(DriverManagerConnectionProviderImpl.java:93)
2015-03-21 22:55:58,329 [ WARN] services.ClientService Transaction was rollbacked at services.ClientService.searchTrain(ClientService.java:165)
2015-03-21 22:55:58,329 [ WARN] services.ClientService Transaction was rollbacked at services.ClientService.searchTrain(ClientService.java:165)
2015-03-21 22:55:58,371 [ WARN] services.ClientService Transaction was rollbacked at services.ClientService.getTimesFromStationList(ClientService.java:523)
2015-03-21 22:55:58,371 [ WARN] services.ClientService Transaction was rollbacked at services.ClientService.getTimesFromStationList(ClientService.java:523)
2015-03-21 22:55:58,382 [ WARN] services.ClientService Transaction was rollbacked at services.ClientService.getTimesFromStationList(ClientService.java:523)
2015-03-21 22:55:58,382 [ WARN] services.ClientService Transaction was rollbacked at services.ClientService.getTimesFromStationList(ClientService.java:523)
2015-03-21 22:55:58,532 [ WARN] services.ClientService Transaction was rollbacked at services.ClientService.buyTicket(ClientService.java:294)
2015-03-21 22:55:58,532 [ WARN] services.ClientService Transaction was rollbacked at services.ClientService.buyTicket(ClientService.java:294)
2015-03-21 22:55:58,546 [ WARN] services.ClientService Transaction was rollbacked at services.ClientService.buyTicket(ClientService.java:294)
2015-03-21 22:55:58,546 [ WARN] services.ClientService Transaction was rollbacked at services.ClientService.buyTicket(ClientService.java:294)
2015-03-21 22:55:58,773 [ WARN] org.hibernate.engine.jdbc.connections.internal.DriverManagerConnectionProviderImpl HHH000402: Using Hibernate built-in connection pool (not for production use!) at org.hibernate.engine.jdbc.connections.internal.DriverManagerConnectionProviderImpl.configure(DriverManagerConnectionProviderImpl.java:93)
2015-03-21 22:55:59,851 [ WARN] services.EmployeeService Transaction was rollbacked at services.EmployeeService.addTrain(EmployeeService.java:76)
2015-03-21 22:55:59,851 [ WARN] services.EmployeeService Transaction was rollbacked at services.EmployeeService.addTrain(EmployeeService.java:76)
2015-03-21 22:55:59,854 [ WARN] services.EmployeeService Transaction was rollbacked at services.EmployeeService.addTrain(EmployeeService.java:76)
2015-03-21 22:55:59,854 [ WARN] services.EmployeeService Transaction was rollbacked at services.EmployeeService.addTrain(EmployeeService.java:76)
2015-03-21 22:55:59,886 [ WARN] services.RunService Transaction was rollbacked at services.RunService.getRunByTrainId(RunService.java:90)
2015-03-21 22:55:59,886 [ WARN] services.RunService Transaction was rollbacked at services.RunService.getRunByTrainId(RunService.java:90)
2015-03-21 22:55:59,890 [ WARN] services.RunService Transaction was rollbacked at services.RunService.getRunByTrainId(RunService.java:90)
2015-03-21 22:55:59,890 [ WARN] services.RunService Transaction was rollbacked at services.RunService.getRunByTrainId(RunService.java:90)
2015-03-21 22:55:59,895 [ WARN] services.RunService Transaction was rollbacked at services.RunService.getRunByTrainId(RunService.java:90)
2015-03-21 22:55:59,895 [ WARN] services.RunService Transaction was rollbacked at services.RunService.getRunByTrainId(RunService.java:90)
2015-03-21 22:55:59,908 [ WARN] services.RunService run is null at services.RunService.getRunById(RunService.java:52)
2015-03-21 22:55:59,908 [ WARN] services.RunService run is null at services.RunService.getRunById(RunService.java:52)
2015-03-21 22:55:59,909 [ WARN] services.RunService Transaction was rollbacked at services.RunService.getRunById(RunService.java:58)
2015-03-21 22:55:59,909 [ WARN] services.RunService Transaction was rollbacked at services.RunService.getRunById(RunService.java:58)
2015-03-21 22:55:59,916 [ WARN] services.RunService Transaction was rollbacked at services.RunService.getRunById(RunService.java:58)
2015-03-21 22:55:59,916 [ WARN] services.RunService Transaction was rollbacked at services.RunService.getRunById(RunService.java:58)
2015-03-21 22:55:59,947 [ WARN] services.StationService Transaction was rollbacked at services.StationService.getAllStations(StationService.java:58)
2015-03-21 22:55:59,947 [ WARN] services.StationService Transaction was rollbacked at services.StationService.getAllStations(StationService.java:58)
2015-03-21 22:55:59,949 [ WARN] services.StationService Transaction was rollbacked at services.StationService.getAllStations(StationService.java:58)
2015-03-21 22:55:59,949 [ WARN] services.StationService Transaction was rollbacked at services.StationService.getAllStations(StationService.java:58)
2015-03-21 22:55:59,952 [ WARN] services.StationService Transaction was rollbacked at services.StationService.getAllStations(StationService.java:58)
2015-03-21 22:55:59,952 [ WARN] services.StationService Transaction was rollbacked at services.StationService.getAllStations(StationService.java:58)
2015-03-21 22:55:59,970 [ WARN] services.RouteService Transaction was rollbacked at services.RouteService.getStationsByTrain(RouteService.java:78)
2015-03-21 22:55:59,970 [ WARN] services.RouteService Transaction was rollbacked at services.RouteService.getStationsByTrain(RouteService.java:78)
2015-03-21 22:55:59,974 [ WARN] services.RouteService Transaction was rollbacked at services.RouteService.getStationsByTrain(RouteService.java:78)
2015-03-21 22:55:59,974 [ WARN] services.RouteService Transaction was rollbacked at services.RouteService.getStationsByTrain(RouteService.java:78)
2015-03-21 22:55:59,977 [ WARN] services.RouteService Transaction was rollbacked at services.RouteService.getStationsByTrain(RouteService.java:78)
2015-03-21 22:55:59,977 [ WARN] services.RouteService Transaction was rollbacked at services.RouteService.getStationsByTrain(RouteService.java:78)
2015-03-21 22:55:59,996 [ WARN] services.TicketService Empty ticket list at services.TicketService.getTicketsByRunId(TicketService.java:55)
2015-03-21 22:55:59,996 [ WARN] services.TicketService Empty ticket list at services.TicketService.getTicketsByRunId(TicketService.java:55)
2015-03-21 22:55:59,996 [ WARN] services.TicketService Transaction was rollbacked at services.TicketService.getTicketsByRunId(TicketService.java:61)
2015-03-21 22:55:59,996 [ WARN] services.TicketService Transaction was rollbacked at services.TicketService.getTicketsByRunId(TicketService.java:61)
2015-03-21 22:56:00,034 [ WARN] services.TimetableService Transaction was rollbacked at services.TimetableService.getTimetableByStation(TimetableService.java:132)
2015-03-21 22:56:00,034 [ WARN] services.TimetableService Transaction was rollbacked at services.TimetableService.getTimetableByStation(TimetableService.java:132)
2015-03-21 22:56:00,048 [ WARN] services.TimetableService Transaction was rollbacked at services.TimetableService.getTimetableByStation(TimetableService.java:132)
2015-03-21 22:56:00,048 [ WARN] services.TimetableService Transaction was rollbacked at services.TimetableService.getTimetableByStation(TimetableService.java:132)
2015-03-21 22:56:00,063 [ WARN] services.TimetableService Transaction was rollbacked at services.TimetableService.getTimetableByStation(TimetableService.java:132)
2015-03-21 22:56:00,063 [ WARN] services.TimetableService Transaction was rollbacked at services.TimetableService.getTimetableByStation(TimetableService.java:132)
2015-03-21 22:56:00,076 [ WARN] services.TimetableService Transaction was rollbacked at services.TimetableService.addRun(TimetableService.java:207)
2015-03-21 22:56:00,076 [ WARN] services.TimetableService Transaction was rollbacked at services.TimetableService.addRun(TimetableService.java:207)
2015-03-21 22:56:00,078 [ WARN] services.TimetableService Transaction was rollbacked at services.TimetableService.addRun(TimetableService.java:207)
2015-03-21 22:56:00,078 [ WARN] services.TimetableService Transaction was rollbacked at services.TimetableService.addRun(TimetableService.java:207)
2015-03-21 22:56:00,085 [ WARN] services.TimetableService Transaction was rollbacked at services.TimetableService.addRun(TimetableService.java:207)
2015-03-21 22:56:00,085 [ WARN] services.TimetableService Transaction was rollbacked at services.TimetableService.addRun(TimetableService.java:207)
2015-03-21 22:56:00,090 [ WARN] services.TimetableService Transaction was rollbacked at services.TimetableService.addRun(TimetableService.java:207)
2015-03-21 22:56:00,090 [ WARN] services.TimetableService Transaction was rollbacked at services.TimetableService.addRun(TimetableService.java:207)
2015-03-21 22:56:00,100 [ WARN] services.TrainService Transaction was rollbacked at services.TrainService.getAllTrains(TrainService.java:62)
2015-03-21 22:56:00,100 [ WARN] services.TrainService Transaction was rollbacked at services.TrainService.getAllTrains(TrainService.java:62)
2015-03-21 22:56:00,103 [ WARN] services.TrainService Transaction was rollbacked at services.TrainService.getAllTrains(TrainService.java:62)
2015-03-21 22:56:00,103 [ WARN] services.TrainService Transaction was rollbacked at services.TrainService.getAllTrains(TrainService.java:62)
2015-03-21 22:56:00,106 [ WARN] services.TrainService Transaction was rollbacked at services.TrainService.getAllTrains(TrainService.java:62)
2015-03-21 22:56:00,106 [ WARN] services.TrainService Transaction was rollbacked at services.TrainService.getAllTrains(TrainService.java:62)
2015-03-21 22:56:00,310 [ WARN] services.UserService Transaction was rollbacked at services.UserService.findUserByLoginAndPass(UserService.java:96)
2015-03-21 22:56:00,310 [ WARN] services.UserService Transaction was rollbacked at services.UserService.findUserByLoginAndPass(UserService.java:96)
2015-03-21 22:56:00,600 [ WARN] services.UserService Transaction was rollbacked at services.UserService.findUserByLoginAndPass(UserService.java:96)
2015-03-21 22:56:00,600 [ WARN] services.UserService Transaction was rollbacked at services.UserService.findUserByLoginAndPass(UserService.java:96)
2015-03-21 22:56:00,610 [ WARN] services.UserService Transaction was rollbacked at services.UserService.findUserByLoginAndPass(UserService.java:96)
2015-03-21 22:56:00,610 [ WARN] services.UserService Transaction was rollbacked at services.UserService.findUserByLoginAndPass(UserService.java:96)
2015-03-21 23:10:53,021 [ WARN] org.hibernate.engine.jdbc.connections.internal.DriverManagerConnectionProviderImpl HHH000402: Using Hibernate built-in connection pool (not for production use!) at org.hibernate.engine.jdbc.connections.internal.DriverManagerConnectionProviderImpl.configure(DriverManagerConnectionProviderImpl.java:93)
2015-03-21 23:10:55,723 [ WARN] services.ClientService Transaction was rollbacked at services.ClientService.buyTicket(ClientService.java:294)
2015-03-21 23:10:55,723 [ WARN] services.ClientService Transaction was rollbacked at services.ClientService.buyTicket(ClientService.java:294)
2015-03-21 23:10:55,740 [ WARN] services.ClientService Transaction was rollbacked at services.ClientService.buyTicket(ClientService.java:294)
2015-03-21 23:10:55,740 [ WARN] services.ClientService Transaction was rollbacked at services.ClientService.buyTicket(ClientService.java:294)
2015-03-21 23:10:55,790 [ WARN] services.ClientService Transaction was rollbacked at services.ClientService.getTimesFromStationList(ClientService.java:523)
2015-03-21 23:10:55,790 [ WARN] services.ClientService Transaction was rollbacked at services.ClientService.getTimesFromStationList(ClientService.java:523)
2015-03-21 23:10:55,801 [ WARN] services.ClientService Transaction was rollbacked at services.ClientService.getTimesFromStationList(ClientService.java:523)
2015-03-21 23:10:55,801 [ WARN] services.ClientService Transaction was rollbacked at services.ClientService.getTimesFromStationList(ClientService.java:523)
2015-03-21 23:10:55,808 [ WARN] services.ClientService Input parameter is null at services.ClientService.searchTrain(ClientService.java:152)
2015-03-21 23:10:55,808 [ WARN] services.ClientService Input parameter is null at services.ClientService.searchTrain(ClientService.java:152)
2015-03-21 23:10:55,810 [ WARN] services.ClientService Input parameter is null at services.ClientService.searchTrain(ClientService.java:152)
2015-03-21 23:10:55,810 [ WARN] services.ClientService Input parameter is null at services.ClientService.searchTrain(ClientService.java:152)
2015-03-21 23:10:55,811 [ WARN] services.ClientService Input parameter is null at services.ClientService.searchTrain(ClientService.java:152)
2015-03-21 23:10:55,811 [ WARN] services.ClientService Input parameter is null at services.ClientService.searchTrain(ClientService.java:152)
2015-03-21 23:10:55,828 [ WARN] services.ClientService Transaction was rollbacked at services.ClientService.searchTrain(ClientService.java:165)
2015-03-21 23:10:55,828 [ WARN] services.ClientService Transaction was rollbacked at services.ClientService.searchTrain(ClientService.java:165)
2015-03-21 23:10:56,070 [ WARN] org.hibernate.engine.jdbc.connections.internal.DriverManagerConnectionProviderImpl HHH000402: Using Hibernate built-in connection pool (not for production use!) at org.hibernate.engine.jdbc.connections.internal.DriverManagerConnectionProviderImpl.configure(DriverManagerConnectionProviderImpl.java:93)
2015-03-21 23:10:57,149 [ WARN] services.EmployeeService Transaction was rollbacked at services.EmployeeService.addTrain(EmployeeService.java:76)
2015-03-21 23:10:57,149 [ WARN] services.EmployeeService Transaction was rollbacked at services.EmployeeService.addTrain(EmployeeService.java:76)
2015-03-21 23:10:57,151 [ WARN] services.EmployeeService Transaction was rollbacked at services.EmployeeService.addTrain(EmployeeService.java:76)
2015-03-21 23:10:57,151 [ WARN] services.EmployeeService Transaction was rollbacked at services.EmployeeService.addTrain(EmployeeService.java:76)
2015-03-21 23:10:57,172 [ WARN] services.RunService Transaction was rollbacked at services.RunService.getRunByTrainId(RunService.java:90)
2015-03-21 23:10:57,172 [ WARN] services.RunService Transaction was rollbacked at services.RunService.getRunByTrainId(RunService.java:90)
2015-03-21 23:10:57,174 [ WARN] services.RunService Transaction was rollbacked at services.RunService.getRunByTrainId(RunService.java:90)
2015-03-21 23:10:57,174 [ WARN] services.RunService Transaction was rollbacked at services.RunService.getRunByTrainId(RunService.java:90)
2015-03-21 23:10:57,177 [ WARN] services.RunService Transaction was rollbacked at services.RunService.getRunByTrainId(RunService.java:90)
2015-03-21 23:10:57,177 [ WARN] services.RunService Transaction was rollbacked at services.RunService.getRunByTrainId(RunService.java:90)
2015-03-21 23:10:57,185 [ WARN] services.RunService run is null at services.RunService.getRunById(RunService.java:52)
2015-03-21 23:10:57,185 [ WARN] services.RunService run is null at services.RunService.getRunById(RunService.java:52)
2015-03-21 23:10:57,185 [ WARN] services.RunService Transaction was rollbacked at services.RunService.getRunById(RunService.java:58)
2015-03-21 23:10:57,185 [ WARN] services.RunService Transaction was rollbacked at services.RunService.getRunById(RunService.java:58)
2015-03-21 23:10:57,189 [ WARN] services.RunService Transaction was rollbacked at services.RunService.getRunById(RunService.java:58)
2015-03-21 23:10:57,189 [ WARN] services.RunService Transaction was rollbacked at services.RunService.getRunById(RunService.java:58)
2015-03-21 23:10:57,218 [ WARN] services.StationService Transaction was rollbacked at services.StationService.getAllStations(StationService.java:58)
2015-03-21 23:10:57,218 [ WARN] services.StationService Transaction was rollbacked at services.StationService.getAllStations(StationService.java:58)
2015-03-21 23:10:57,221 [ WARN] services.StationService Transaction was rollbacked at services.StationService.getAllStations(StationService.java:58)
2015-03-21 23:10:57,221 [ WARN] services.StationService Transaction was rollbacked at services.StationService.getAllStations(StationService.java:58)
2015-03-21 23:10:57,225 [ WARN] services.StationService Transaction was rollbacked at services.StationService.getAllStations(StationService.java:58)
2015-03-21 23:10:57,225 [ WARN] services.StationService Transaction was rollbacked at services.StationService.getAllStations(StationService.java:58)
2015-03-21 23:10:57,242 [ WARN] services.RouteService Transaction was rollbacked at services.RouteService.getStationsByTrain(RouteService.java:78)
2015-03-21 23:10:57,242 [ WARN] services.RouteService Transaction was rollbacked at services.RouteService.getStationsByTrain(RouteService.java:78)
2015-03-21 23:10:57,245 [ WARN] services.RouteService Transaction was rollbacked at services.RouteService.getStationsByTrain(RouteService.java:78)
2015-03-21 23:10:57,245 [ WARN] services.RouteService Transaction was rollbacked at services.RouteService.getStationsByTrain(RouteService.java:78)
2015-03-21 23:10:57,248 [ WARN] services.RouteService Transaction was rollbacked at services.RouteService.getStationsByTrain(RouteService.java:78)
2015-03-21 23:10:57,248 [ WARN] services.RouteService Transaction was rollbacked at services.RouteService.getStationsByTrain(RouteService.java:78)
2015-03-21 23:10:57,266 [ WARN] services.TicketService Empty ticket list at services.TicketService.getTicketsByRunId(TicketService.java:55)
2015-03-21 23:10:57,266 [ WARN] services.TicketService Empty ticket list at services.TicketService.getTicketsByRunId(TicketService.java:55)
2015-03-21 23:10:57,266 [ WARN] services.TicketService Transaction was rollbacked at services.TicketService.getTicketsByRunId(TicketService.java:61)
2015-03-21 23:10:57,266 [ WARN] services.TicketService Transaction was rollbacked at services.TicketService.getTicketsByRunId(TicketService.java:61)
2015-03-21 23:10:57,301 [ WARN] services.TimetableService Transaction was rollbacked at services.TimetableService.getTimetableByStation(TimetableService.java:132)
2015-03-21 23:10:57,301 [ WARN] services.TimetableService Transaction was rollbacked at services.TimetableService.getTimetableByStation(TimetableService.java:132)
2015-03-21 23:10:57,314 [ WARN] services.TimetableService Transaction was rollbacked at services.TimetableService.getTimetableByStation(TimetableService.java:132)
2015-03-21 23:10:57,314 [ WARN] services.TimetableService Transaction was rollbacked at services.TimetableService.getTimetableByStation(TimetableService.java:132)
2015-03-21 23:10:57,328 [ WARN] services.TimetableService Transaction was rollbacked at services.TimetableService.getTimetableByStation(TimetableService.java:132)
2015-03-21 23:10:57,328 [ WARN] services.TimetableService Transaction was rollbacked at services.TimetableService.getTimetableByStation(TimetableService.java:132)
2015-03-21 23:10:57,345 [ WARN] services.TimetableService Transaction was rollbacked at services.TimetableService.addRun(TimetableService.java:207)
2015-03-21 23:10:57,345 [ WARN] services.TimetableService Transaction was rollbacked at services.TimetableService.addRun(TimetableService.java:207)
2015-03-21 23:10:57,348 [ WARN] services.TimetableService Transaction was rollbacked at services.TimetableService.addRun(TimetableService.java:207)
2015-03-21 23:10:57,348 [ WARN] services.TimetableService Transaction was rollbacked at services.TimetableService.addRun(TimetableService.java:207)
2015-03-21 23:10:57,355 [ WARN] services.TimetableService Transaction was rollbacked at services.TimetableService.addRun(TimetableService.java:207)
2015-03-21 23:10:57,355 [ WARN] services.TimetableService Transaction was rollbacked at services.TimetableService.addRun(TimetableService.java:207)
2015-03-21 23:10:57,358 [ WARN] services.TimetableService Transaction was rollbacked at services.TimetableService.addRun(TimetableService.java:207)
2015-03-21 23:10:57,358 [ WARN] services.TimetableService Transaction was rollbacked at services.TimetableService.addRun(TimetableService.java:207)
2015-03-21 23:10:57,369 [ WARN] services.TrainService Transaction was rollbacked at services.TrainService.getAllTrains(TrainService.java:62)
2015-03-21 23:10:57,369 [ WARN] services.TrainService Transaction was rollbacked at services.TrainService.getAllTrains(TrainService.java:62)
2015-03-21 23:10:57,371 [ WARN] services.TrainService Transaction was rollbacked at services.TrainService.getAllTrains(TrainService.java:62)
2015-03-21 23:10:57,371 [ WARN] services.TrainService Transaction was rollbacked at services.TrainService.getAllTrains(TrainService.java:62)
2015-03-21 23:10:57,373 [ WARN] services.TrainService Transaction was rollbacked at services.TrainService.getAllTrains(TrainService.java:62)
2015-03-21 23:10:57,373 [ WARN] services.TrainService Transaction was rollbacked at services.TrainService.getAllTrains(TrainService.java:62)
2015-03-21 23:10:57,584 [ WARN] services.UserService Transaction was rollbacked at services.UserService.findUserByLoginAndPass(UserService.java:96)
2015-03-21 23:10:57,584 [ WARN] services.UserService Transaction was rollbacked at services.UserService.findUserByLoginAndPass(UserService.java:96)
2015-03-21 23:10:57,634 [ WARN] services.UserService Transaction was rollbacked at services.UserService.findUserByLoginAndPass(UserService.java:96)
2015-03-21 23:10:57,634 [ WARN] services.UserService Transaction was rollbacked at services.UserService.findUserByLoginAndPass(UserService.java:96)
2015-03-21 23:10:57,646 [ WARN] services.UserService Transaction was rollbacked at services.UserService.findUserByLoginAndPass(UserService.java:96)
2015-03-21 23:10:57,646 [ WARN] services.UserService Transaction was rollbacked at services.UserService.findUserByLoginAndPass(UserService.java:96)
