2015-03-03 17:13:40,957 [ INFO] org.hibernate.annotations.common.Version HCANN000001: Hibernate Commons Annotations {4.0.5.Final} at org.hibernate.annotations.common.reflection.java.JavaReflectionManager.<clinit>(JavaReflectionManager.java:66)
2015-03-03 17:13:40,982 [ INFO] org.hibernate.Version HHH000412: Hibernate Core {4.3.8.Final} at org.hibernate.Version.logVersion(Version.java:54)
2015-03-03 17:13:40,988 [ INFO] org.hibernate.cfg.Environment HHH000206: hibernate.properties not found at org.hibernate.cfg.Environment.<clinit>(Environment.java:239)
2015-03-03 17:13:40,992 [ INFO] org.hibernate.cfg.Environment HHH000021: Bytecode provider name : javassist at org.hibernate.cfg.Environment.buildBytecodeProvider(Environment.java:346)
2015-03-03 17:13:41,081 [ INFO] org.hibernate.cfg.Configuration HHH000043: Configuring from resource: /hibernate.cfg.xml at org.hibernate.cfg.Configuration.configure(Configuration.java:2075)
2015-03-03 17:13:41,081 [ INFO] org.hibernate.cfg.Configuration HHH000040: Configuration resource: /hibernate.cfg.xml at org.hibernate.cfg.Configuration.getConfigurationInputStream(Configuration.java:2094)
2015-03-03 17:13:41,168 [ INFO] org.hibernate.cfg.Configuration HHH000041: Configured SessionFactory: null at org.hibernate.cfg.Configuration.doConfigure(Configuration.java:2216)
2015-03-03 17:13:41,440 [ INFO] org.hibernate.engine.jdbc.connections.internal.DriverManagerConnectionProviderImpl HHH000401: using driver [com.mysql.jdbc.Driver] at URL [jdbc:mysql://localhost/happytrain] at org.hibernate.engine.jdbc.connections.internal.DriverManagerConnectionProviderImpl.buildCreator(DriverManagerConnectionProviderImpl.java:166)
2015-03-03 17:13:41,440 [ INFO] org.hibernate.engine.jdbc.connections.internal.DriverManagerConnectionProviderImpl HHH000046: Connection properties: {user=root, password=} at org.hibernate.engine.jdbc.connections.internal.DriverManagerConnectionProviderImpl.buildCreator(DriverManagerConnectionProviderImpl.java:172)
2015-03-03 17:13:41,440 [ INFO] org.hibernate.engine.jdbc.connections.internal.DriverManagerConnectionProviderImpl HHH000006: Autocommit mode: false at org.hibernate.engine.jdbc.connections.internal.DriverManagerConnectionProviderImpl.buildCreator(DriverManagerConnectionProviderImpl.java:180)
2015-03-03 17:13:41,445 [ INFO] org.hibernate.engine.jdbc.connections.internal.DriverManagerConnectionProviderImpl HHH000115: Hibernate connection pool size: 20 (min=1) at org.hibernate.engine.jdbc.connections.internal.DriverManagerConnectionProviderImpl.configure(DriverManagerConnectionProviderImpl.java:102)
2015-03-03 17:13:41,694 [ INFO] org.hibernate.dialect.Dialect HHH000400: Using dialect: org.hibernate.dialect.MySQLDialect at org.hibernate.dialect.Dialect.<init>(Dialect.java:145)
2015-03-03 17:13:42,177 [ INFO] org.hibernate.engine.transaction.internal.TransactionFactoryInitiator HHH000399: Using default transaction strategy (direct JDBC transactions) at org.hibernate.engine.transaction.internal.TransactionFactoryInitiator.initiateService(TransactionFactoryInitiator.java:62)
2015-03-03 17:13:42,193 [ INFO] org.hibernate.hql.internal.ast.ASTQueryTranslatorFactory HHH000397: Using ASTQueryTranslatorFactory at org.hibernate.hql.internal.ast.ASTQueryTranslatorFactory.<init>(ASTQueryTranslatorFactory.java:47)
2015-03-03 17:13:43,063 [ INFO] org.hibernate.tool.hbm2ddl.SchemaUpdate HHH000228: Running hbm2ddl schema update at org.hibernate.tool.hbm2ddl.SchemaUpdate.execute(SchemaUpdate.java:207)
2015-03-03 17:13:43,064 [ INFO] org.hibernate.tool.hbm2ddl.SchemaUpdate HHH000102: Fetching database metadata at org.hibernate.tool.hbm2ddl.SchemaUpdate.execute(SchemaUpdate.java:218)
2015-03-03 17:13:43,067 [ INFO] org.hibernate.tool.hbm2ddl.SchemaUpdate HHH000396: Updating schema at org.hibernate.tool.hbm2ddl.SchemaUpdate.execute(SchemaUpdate.java:230)
2015-03-03 17:13:43,093 [ INFO] org.hibernate.tool.hbm2ddl.TableMetadata HHH000261: Table found: happytrain.role at org.hibernate.tool.hbm2ddl.TableMetadata.<init>(TableMetadata.java:66)
2015-03-03 17:13:43,093 [ INFO] org.hibernate.tool.hbm2ddl.TableMetadata HHH000037: Columns: [id, name] at org.hibernate.tool.hbm2ddl.TableMetadata.<init>(TableMetadata.java:67)
2015-03-03 17:13:43,093 [ INFO] org.hibernate.tool.hbm2ddl.TableMetadata HHH000108: Foreign keys: [] at org.hibernate.tool.hbm2ddl.TableMetadata.<init>(TableMetadata.java:69)
2015-03-03 17:13:43,093 [ INFO] org.hibernate.tool.hbm2ddl.TableMetadata HHH000126: Indexes: [primary] at org.hibernate.tool.hbm2ddl.TableMetadata.<init>(TableMetadata.java:70)
2015-03-03 17:13:43,104 [ INFO] org.hibernate.tool.hbm2ddl.TableMetadata HHH000261: Table found: happytrain.route at org.hibernate.tool.hbm2ddl.TableMetadata.<init>(TableMetadata.java:66)
2015-03-03 17:13:43,104 [ INFO] org.hibernate.tool.hbm2ddl.TableMetadata HHH000037: Columns: [id, train_id, station_id, station_ordinal_number] at org.hibernate.tool.hbm2ddl.TableMetadata.<init>(TableMetadata.java:67)
2015-03-03 17:13:43,104 [ INFO] org.hibernate.tool.hbm2ddl.TableMetadata HHH000108: Foreign keys: [station, train] at org.hibernate.tool.hbm2ddl.TableMetadata.<init>(TableMetadata.java:69)
2015-03-03 17:13:43,104 [ INFO] org.hibernate.tool.hbm2ddl.TableMetadata HHH000126: Indexes: [station, primary, train] at org.hibernate.tool.hbm2ddl.TableMetadata.<init>(TableMetadata.java:70)
2015-03-03 17:13:43,112 [ INFO] org.hibernate.tool.hbm2ddl.TableMetadata HHH000261: Table found: happytrain.run at org.hibernate.tool.hbm2ddl.TableMetadata.<init>(TableMetadata.java:66)
2015-03-03 17:13:43,112 [ INFO] org.hibernate.tool.hbm2ddl.TableMetadata HHH000037: Columns: [id, finish_time, start_time, train_id] at org.hibernate.tool.hbm2ddl.TableMetadata.<init>(TableMetadata.java:67)
2015-03-03 17:13:43,112 [ INFO] org.hibernate.tool.hbm2ddl.TableMetadata HHH000108: Foreign keys: [to_train] at org.hibernate.tool.hbm2ddl.TableMetadata.<init>(TableMetadata.java:69)
2015-03-03 17:13:43,112 [ INFO] org.hibernate.tool.hbm2ddl.TableMetadata HHH000126: Indexes: [to_train, primary] at org.hibernate.tool.hbm2ddl.TableMetadata.<init>(TableMetadata.java:70)
2015-03-03 17:13:43,119 [ INFO] org.hibernate.tool.hbm2ddl.TableMetadata HHH000261: Table found: happytrain.station at org.hibernate.tool.hbm2ddl.TableMetadata.<init>(TableMetadata.java:66)
2015-03-03 17:13:43,120 [ INFO] org.hibernate.tool.hbm2ddl.TableMetadata HHH000037: Columns: [id, name] at org.hibernate.tool.hbm2ddl.TableMetadata.<init>(TableMetadata.java:67)
2015-03-03 17:13:43,120 [ INFO] org.hibernate.tool.hbm2ddl.TableMetadata HHH000108: Foreign keys: [] at org.hibernate.tool.hbm2ddl.TableMetadata.<init>(TableMetadata.java:69)
2015-03-03 17:13:43,120 [ INFO] org.hibernate.tool.hbm2ddl.TableMetadata HHH000126: Indexes: [primary] at org.hibernate.tool.hbm2ddl.TableMetadata.<init>(TableMetadata.java:70)
2015-03-03 17:13:43,129 [ INFO] org.hibernate.tool.hbm2ddl.TableMetadata HHH000261: Table found: happytrain.ticket at org.hibernate.tool.hbm2ddl.TableMetadata.<init>(TableMetadata.java:66)
2015-03-03 17:13:43,130 [ INFO] org.hibernate.tool.hbm2ddl.TableMetadata HHH000037: Columns: [station_from, id, run_id, user_id, dep_time, station_to] at org.hibernate.tool.hbm2ddl.TableMetadata.<init>(TableMetadata.java:67)
2015-03-03 17:13:43,130 [ INFO] org.hibernate.tool.hbm2ddl.TableMetadata HHH000108: Foreign keys: [station_from, run, user, station_to] at org.hibernate.tool.hbm2ddl.TableMetadata.<init>(TableMetadata.java:69)
2015-03-03 17:13:43,130 [ INFO] org.hibernate.tool.hbm2ddl.TableMetadata HHH000126: Indexes: [station_from, primary, run, user, station_to] at org.hibernate.tool.hbm2ddl.TableMetadata.<init>(TableMetadata.java:70)
2015-03-03 17:13:43,137 [ INFO] org.hibernate.tool.hbm2ddl.TableMetadata HHH000261: Table found: happytrain.timetable at org.hibernate.tool.hbm2ddl.TableMetadata.<init>(TableMetadata.java:66)
2015-03-03 17:13:43,137 [ INFO] org.hibernate.tool.hbm2ddl.TableMetadata HHH000037: Columns: [id, arr_time, available_seats, run_id, route_id, dep_time] at org.hibernate.tool.hbm2ddl.TableMetadata.<init>(TableMetadata.java:67)
2015-03-03 17:13:43,138 [ INFO] org.hibernate.tool.hbm2ddl.TableMetadata HHH000108: Foreign keys: [timetable_run, timetable_route] at org.hibernate.tool.hbm2ddl.TableMetadata.<init>(TableMetadata.java:69)
2015-03-03 17:13:43,138 [ INFO] org.hibernate.tool.hbm2ddl.TableMetadata HHH000126: Indexes: [timetable_run, timetable_route, primary] at org.hibernate.tool.hbm2ddl.TableMetadata.<init>(TableMetadata.java:70)
2015-03-03 17:13:43,144 [ INFO] org.hibernate.tool.hbm2ddl.TableMetadata HHH000261: Table found: happytrain.train at org.hibernate.tool.hbm2ddl.TableMetadata.<init>(TableMetadata.java:66)
2015-03-03 17:13:43,144 [ INFO] org.hibernate.tool.hbm2ddl.TableMetadata HHH000037: Columns: [id, number, seats_count] at org.hibernate.tool.hbm2ddl.TableMetadata.<init>(TableMetadata.java:67)
2015-03-03 17:13:43,145 [ INFO] org.hibernate.tool.hbm2ddl.TableMetadata HHH000108: Foreign keys: [] at org.hibernate.tool.hbm2ddl.TableMetadata.<init>(TableMetadata.java:69)
2015-03-03 17:13:43,145 [ INFO] org.hibernate.tool.hbm2ddl.TableMetadata HHH000126: Indexes: [primary] at org.hibernate.tool.hbm2ddl.TableMetadata.<init>(TableMetadata.java:70)
2015-03-03 17:13:43,151 [ INFO] org.hibernate.tool.hbm2ddl.TableMetadata HHH000261: Table found: happytrain.user at org.hibernate.tool.hbm2ddl.TableMetadata.<init>(TableMetadata.java:66)
2015-03-03 17:13:43,152 [ INFO] org.hibernate.tool.hbm2ddl.TableMetadata HHH000037: Columns: [id, first_name, birth_date, last_name, role, login, password] at org.hibernate.tool.hbm2ddl.TableMetadata.<init>(TableMetadata.java:67)
2015-03-03 17:13:43,152 [ INFO] org.hibernate.tool.hbm2ddl.TableMetadata HHH000108: Foreign keys: [role_user] at org.hibernate.tool.hbm2ddl.TableMetadata.<init>(TableMetadata.java:69)
2015-03-03 17:13:43,152 [ INFO] org.hibernate.tool.hbm2ddl.TableMetadata HHH000126: Indexes: [primary, role_user] at org.hibernate.tool.hbm2ddl.TableMetadata.<init>(TableMetadata.java:70)
2015-03-03 17:13:43,155 [ INFO] org.hibernate.tool.hbm2ddl.SchemaUpdate HHH000232: Schema update complete at org.hibernate.tool.hbm2ddl.SchemaUpdate.execute(SchemaUpdate.java:267)
2015-03-03 17:13:47,984 [ INFO] servlets.ShowFoundTrainsServlet yes at servlets.ShowFoundTrainsServlet.processRequest(ShowFoundTrainsServlet.java:84)
2015-03-03 17:13:47,984 [ INFO] servlets.ShowFoundTrainsServlet yes at servlets.ShowFoundTrainsServlet.processRequest(ShowFoundTrainsServlet.java:84)
